<?xml version="1.0" encoding="UTF-8"?>
<coverage generated="1758606108233" clover="3.2.0">
  <project timestamp="1758606108233" name="All files">
    <metrics statements="39" coveredstatements="12" conditionals="4" coveredconditionals="0" methods="15" coveredmethods="1" elements="58" coveredelements="13" complexity="0" loc="39" ncloc="39" packages="2" files="4" classes="4"/>
    <package name="Components">
      <metrics statements="16" coveredstatements="7" conditionals="4" coveredconditionals="0" methods="4" coveredmethods="1"/>
      <file name="AdminLogin.js" path="C:\Users\saketh.g\Desktop\project\src\Components\AdminLogin.js">
        <metrics statements="16" coveredstatements="7" conditionals="4" coveredconditionals="0" methods="4" coveredmethods="1"/>
        <line num="8" count="1" type="stmt"/>
        <line num="9" count="1" type="stmt"/>
        <line num="10" count="1" type="stmt"/>
        <line num="11" count="1" type="stmt"/>
        <line num="12" count="1" type="stmt"/>
        <line num="14" count="1" type="stmt"/>
        <line num="15" count="0" type="stmt"/>
        <line num="17" count="0" type="cond" truecount="0" falsecount="4"/>
        <line num="18" count="0" type="stmt"/>
        <line num="19" count="0" type="stmt"/>
        <line num="20" count="0" type="stmt"/>
        <line num="22" count="0" type="stmt"/>
        <line num="23" count="0" type="stmt"/>
        <line num="27" count="1" type="stmt"/>
        <line num="34" count="0" type="stmt"/>
        <line num="41" count="0" type="stmt"/>
      </file>
    </package>
    <package name="utils.ReduxStore">
      <metrics statements="23" coveredstatements="5" conditionals="0" coveredconditionals="0" methods="11" coveredmethods="0"/>
      <file name="AuthSlice.js" path="C:\Users\saketh.g\Desktop\project\src\utils\ReduxStore\AuthSlice.js">
        <metrics statements="8" coveredstatements="2" conditionals="0" coveredconditionals="0" methods="3" coveredmethods="0"/>
        <line num="3" count="1" type="stmt"/>
        <line num="11" count="0" type="stmt"/>
        <line num="12" count="0" type="stmt"/>
        <line num="16" count="0" type="stmt"/>
        <line num="17" count="0" type="stmt"/>
        <line num="20" count="0" type="stmt"/>
        <line num="21" count="0" type="stmt"/>
        <line num="25" count="1" type="stmt"/>
      </file>
      <file name="BevSlice.js" path="C:\Users\saketh.g\Desktop\project\src\utils\ReduxStore\BevSlice.js">
        <metrics statements="14" coveredstatements="2" conditionals="0" coveredconditionals="0" methods="8" coveredmethods="0"/>
        <line num="2" count="1" type="stmt"/>
        <line num="12" count="0" type="stmt"/>
        <line num="13" count="0" type="stmt"/>
        <line num="17" count="0" type="stmt"/>
        <line num="18" count="0" type="stmt"/>
        <line num="20" count="0" type="stmt"/>
        <line num="28" count="0" type="stmt"/>
        <line num="29" count="0" type="stmt"/>
        <line num="31" count="0" type="stmt"/>
        <line num="35" count="0" type="stmt"/>
        <line num="36" count="0" type="stmt"/>
        <line num="38" count="0" type="stmt"/>
        <line num="42" count="0" type="stmt"/>
        <line num="53" count="1" type="stmt"/>
      </file>
      <file name="BevStore.js" path="C:\Users\saketh.g\Desktop\project\src\utils\ReduxStore\BevStore.js">
        <metrics statements="1" coveredstatements="1" conditionals="0" coveredconditionals="0" methods="0" coveredmethods="0"/>
        <line num="6" count="1" type="stmt"/>
      </file>
    </package>
  </project>
</coverage>
