{"C:\\Users\\saketh.g\\Desktop\\project\\Components\\Description.js": {"path":"C:\\Users\\saketh.g\\Desktop\\project\\Components\\Description.js","statementMap":{"0":{"start":{"line":2,"column":20},"end":{"line":5,"column":1}},"1":{"start":{"line":3,"column":26},"end":{"line":3,"column":43}},"2":{"start":{"line":4,"column":2},"end":{"line":4,"column":84}}},"fnMap":{"0":{"name":"(anonymous_0)","decl":{"start":{"line":2,"column":20},"end":{"line":2,"column":21}},"loc":{"start":{"line":2,"column":31},"end":{"line":5,"column":1}},"line":2}},"branchMap":{},"s":{"0":1,"1":1,"2":1},"f":{"0":1},"b":{},"_coverageSchema":"1a1c01bbd47fc00a2c39e90264f33305004495a9","hash":"15d432a21a59350fc530267c9d90c06a2765882b"}
,"C:\\Users\\saketh.g\\Desktop\\project\\Components\\Form.js": {"path":"C:\\Users\\saketh.g\\Desktop\\project\\Components\\Form.js","statementMap":{"0":{"start":{"line":7,"column":13},"end":{"line":100,"column":1}},"1":{"start":{"line":8,"column":15},"end":{"line":8,"column":32}},"2":{"start":{"line":9,"column":26},"end":{"line":9,"column":38}},"3":{"start":{"line":10,"column":34},"end":{"line":10,"column":46}},"4":{"start":{"line":11,"column":36},"end":{"line":11,"column":51}},"5":{"start":{"line":12,"column":50},"end":{"line":12,"column":65}},"6":{"start":{"line":13,"column":42},"end":{"line":13,"column":54}},"7":{"start":{"line":14,"column":19},"end":{"line":14,"column":32}},"8":{"start":{"line":15,"column":17},"end":{"line":50,"column":3}},"9":{"start":{"line":16,"column":4},"end":{"line":16,"column":23}},"10":{"start":{"line":17,"column":4},"end":{"line":42,"column":5}},"11":{"start":{"line":18,"column":6},"end":{"line":18,"column":73}},"12":{"start":{"line":19,"column":6},"end":{"line":19,"column":26}},"13":{"start":{"line":20,"column":6},"end":{"line":20,"column":32}},"14":{"start":{"line":21,"column":6},"end":{"line":23,"column":15}},"15":{"start":{"line":22,"column":8},"end":{"line":22,"column":35}},"16":{"start":{"line":24,"column":6},"end":{"line":24,"column":13}},"17":{"start":{"line":25,"column":11},"end":{"line":42,"column":5}},"18":{"start":{"line":26,"column":6},"end":{"line":26,"column":51}},"19":{"start":{"line":27,"column":6},"end":{"line":27,"column":26}},"20":{"start":{"line":28,"column":6},"end":{"line":28,"column":32}},"21":{"start":{"line":29,"column":6},"end":{"line":31,"column":15}},"22":{"start":{"line":30,"column":8},"end":{"line":30,"column":35}},"23":{"start":{"line":32,"column":6},"end":{"line":32,"column":13}},"24":{"start":{"line":33,"column":11},"end":{"line":42,"column":5}},"25":{"start":{"line":34,"column":6},"end":{"line":34,"column":64}},"26":{"start":{"line":36,"column":6},"end":{"line":36,"column":26}},"27":{"start":{"line":37,"column":6},"end":{"line":37,"column":32}},"28":{"start":{"line":38,"column":6},"end":{"line":40,"column":15}},"29":{"start":{"line":39,"column":8},"end":{"line":39,"column":35}},"30":{"start":{"line":41,"column":6},"end":{"line":41,"column":13}},"31":{"start":{"line":43,"column":4},"end":{"line":43,"column":76}},"32":{"start":{"line":44,"column":4},"end":{"line":44,"column":23}},"33":{"start":{"line":45,"column":4},"end":{"line":45,"column":16}},"34":{"start":{"line":46,"column":4},"end":{"line":46,"column":20}},"35":{"start":{"line":47,"column":4},"end":{"line":49,"column":13}},"36":{"start":{"line":48,"column":6},"end":{"line":48,"column":26}},"37":{"start":{"line":52,"column":2},"end":{"line":99,"column":4}},"38":{"start":{"line":63,"column":31},"end":{"line":63,"column":54}},"39":{"start":{"line":72,"column":33},"end":{"line":72,"column":60}},"40":{"start":{"line":76,"column":18},"end":{"line":78,"column":27}}},"fnMap":{"0":{"name":"(anonymous_0)","decl":{"start":{"line":7,"column":13},"end":{"line":7,"column":14}},"loc":{"start":{"line":7,"column":19},"end":{"line":100,"column":1}},"line":7},"1":{"name":"(anonymous_1)","decl":{"start":{"line":15,"column":17},"end":{"line":15,"column":18}},"loc":{"start":{"line":15,"column":24},"end":{"line":50,"column":3}},"line":15},"2":{"name":"(anonymous_2)","decl":{"start":{"line":21,"column":17},"end":{"line":21,"column":18}},"loc":{"start":{"line":21,"column":23},"end":{"line":23,"column":7}},"line":21},"3":{"name":"(anonymous_3)","decl":{"start":{"line":29,"column":17},"end":{"line":29,"column":18}},"loc":{"start":{"line":29,"column":23},"end":{"line":31,"column":7}},"line":29},"4":{"name":"(anonymous_4)","decl":{"start":{"line":38,"column":17},"end":{"line":38,"column":18}},"loc":{"start":{"line":38,"column":23},"end":{"line":40,"column":7}},"line":38},"5":{"name":"(anonymous_5)","decl":{"start":{"line":47,"column":15},"end":{"line":47,"column":16}},"loc":{"start":{"line":47,"column":21},"end":{"line":49,"column":5}},"line":47},"6":{"name":"(anonymous_6)","decl":{"start":{"line":63,"column":24},"end":{"line":63,"column":25}},"loc":{"start":{"line":63,"column":31},"end":{"line":63,"column":54}},"line":63},"7":{"name":"(anonymous_7)","decl":{"start":{"line":72,"column":26},"end":{"line":72,"column":27}},"loc":{"start":{"line":72,"column":33},"end":{"line":72,"column":60}},"line":72},"8":{"name":"(anonymous_8)","decl":{"start":{"line":75,"column":26},"end":{"line":75,"column":27}},"loc":{"start":{"line":76,"column":18},"end":{"line":78,"column":27}},"line":76}},"branchMap":{"0":{"loc":{"start":{"line":17,"column":4},"end":{"line":42,"column":5}},"type":"if","locations":[{"start":{"line":17,"column":4},"end":{"line":42,"column":5}},{"start":{"line":25,"column":11},"end":{"line":42,"column":5}}],"line":17},"1":{"loc":{"start":{"line":17,"column":8},"end":{"line":17,"column":26}},"type":"binary-expr","locations":[{"start":{"line":17,"column":8},"end":{"line":17,"column":13}},{"start":{"line":17,"column":17},"end":{"line":17,"column":26}}],"line":17},"2":{"loc":{"start":{"line":25,"column":11},"end":{"line":42,"column":5}},"type":"if","locations":[{"start":{"line":25,"column":11},"end":{"line":42,"column":5}},{"start":{"line":33,"column":11},"end":{"line":42,"column":5}}],"line":25},"3":{"loc":{"start":{"line":33,"column":11},"end":{"line":42,"column":5}},"type":"if","locations":[{"start":{"line":33,"column":11},"end":{"line":42,"column":5}},{"start":{},"end":{}}],"line":33},"4":{"loc":{"start":{"line":88,"column":7},"end":{"line":92,"column":7}},"type":"binary-expr","locations":[{"start":{"line":88,"column":7},"end":{"line":88,"column":23}},{"start":{"line":89,"column":8},"end":{"line":91,"column":14}}],"line":88},"5":{"loc":{"start":{"line":93,"column":7},"end":{"line":97,"column":7}},"type":"binary-expr","locations":[{"start":{"line":93,"column":7},"end":{"line":93,"column":16}},{"start":{"line":94,"column":8},"end":{"line":96,"column":14}}],"line":93}},"s":{"0":1,"1":18,"2":18,"3":18,"4":18,"5":18,"6":18,"7":18,"8":18,"9":4,"10":4,"11":1,"12":1,"13":1,"14":1,"15":0,"16":1,"17":3,"18":0,"19":0,"20":0,"21":0,"22":0,"23":0,"24":3,"25":1,"26":1,"27":1,"28":1,"29":0,"30":1,"31":2,"32":2,"33":2,"34":2,"35":2,"36":0,"37":18,"38":3,"39":2,"40":16},"f":{"0":18,"1":4,"2":0,"3":0,"4":0,"5":0,"6":3,"7":2,"8":16},"b":{"0":[1,3],"1":[4,1],"2":[0,3],"3":[1,2],"4":[18,2],"5":[18,2]},"_coverageSchema":"1a1c01bbd47fc00a2c39e90264f33305004495a9","hash":"e62f3a13fd4e0535a12e6967cc28631eecaf809e"}
,"C:\\Users\\saketh.g\\Desktop\\project\\Components\\NavBar.js": {"path":"C:\\Users\\saketh.g\\Desktop\\project\\Components\\NavBar.js","statementMap":{"0":{"start":{"line":4,"column":15},"end":{"line":24,"column":1}},"1":{"start":{"line":5,"column":19},"end":{"line":5,"column":32}},"2":{"start":{"line":6,"column":2},"end":{"line":23,"column":4}}},"fnMap":{"0":{"name":"(anonymous_0)","decl":{"start":{"line":4,"column":15},"end":{"line":4,"column":16}},"loc":{"start":{"line":4,"column":21},"end":{"line":24,"column":1}},"line":4}},"branchMap":{"0":{"loc":{"start":{"line":16,"column":9},"end":{"line":20,"column":9}},"type":"binary-expr","locations":[{"start":{"line":16,"column":9},"end":{"line":16,"column":39}},{"start":{"line":17,"column":10},"end":{"line":19,"column":15}}],"line":16}},"s":{"0":1,"1":3,"2":3},"f":{"0":3},"b":{"0":[3,0]},"_coverageSchema":"1a1c01bbd47fc00a2c39e90264f33305004495a9","hash":"2ad099967becfe9ccd0a7f6cba34ca1061b66e2a"}
,"C:\\Users\\saketh.g\\Desktop\\project\\Components\\Queue.js": {"path":"C:\\Users\\saketh.g\\Desktop\\project\\Components\\Queue.js","statementMap":{"0":{"start":{"line":10,"column":14},"end":{"line":53,"column":1}},"1":{"start":{"line":11,"column":19},"end":{"line":11,"column":32}},"2":{"start":{"line":13,"column":50},"end":{"line":15,"column":3}},"3":{"start":{"line":14,"column":15},"end":{"line":14,"column":29}},"4":{"start":{"line":17,"column":22},"end":{"line":33,"column":3}},"5":{"start":{"line":35,"column":2},"end":{"line":52,"column":4}},"6":{"start":{"line":43,"column":10},"end":{"line":48,"column":12}},"7":{"start":{"line":47,"column":40},"end":{"line":47,"column":67}}},"fnMap":{"0":{"name":"(anonymous_0)","decl":{"start":{"line":10,"column":14},"end":{"line":10,"column":15}},"loc":{"start":{"line":10,"column":20},"end":{"line":53,"column":1}},"line":10},"1":{"name":"(anonymous_1)","decl":{"start":{"line":14,"column":4},"end":{"line":14,"column":5}},"loc":{"start":{"line":14,"column":15},"end":{"line":14,"column":29}},"line":14},"2":{"name":"(anonymous_2)","decl":{"start":{"line":42,"column":25},"end":{"line":42,"column":26}},"loc":{"start":{"line":43,"column":10},"end":{"line":48,"column":12}},"line":43},"3":{"name":"(anonymous_3)","decl":{"start":{"line":47,"column":25},"end":{"line":47,"column":26}},"loc":{"start":{"line":47,"column":40},"end":{"line":47,"column":67}},"line":47}},"branchMap":{},"s":{"0":1,"1":5,"2":5,"3":10,"4":5,"5":5,"6":15,"7":3},"f":{"0":5,"1":10,"2":15,"3":3},"b":{},"_coverageSchema":"1a1c01bbd47fc00a2c39e90264f33305004495a9","hash":"18b9f21a3d9f57d7151e7dc43b47ca47fe08a144"}
,"C:\\Users\\saketh.g\\Desktop\\project\\Components\\UserDetails.js": {"path":"C:\\Users\\saketh.g\\Desktop\\project\\Components\\UserDetails.js","statementMap":{"0":{"start":{"line":2,"column":20},"end":{"line":24,"column":1}},"1":{"start":{"line":3,"column":2},"end":{"line":23,"column":4}},"2":{"start":{"line":7,"column":8},"end":{"line":20,"column":14}},"3":{"start":{"line":11,"column":12},"end":{"line":11,"column":27}}},"fnMap":{"0":{"name":"(anonymous_0)","decl":{"start":{"line":2,"column":20},"end":{"line":2,"column":21}},"loc":{"start":{"line":2,"column":55},"end":{"line":24,"column":1}},"line":2},"1":{"name":"(anonymous_1)","decl":{"start":{"line":6,"column":17},"end":{"line":6,"column":18}},"loc":{"start":{"line":7,"column":8},"end":{"line":20,"column":14}},"line":7},"2":{"name":"(anonymous_2)","decl":{"start":{"line":10,"column":19},"end":{"line":10,"column":20}},"loc":{"start":{"line":10,"column":25},"end":{"line":12,"column":11}},"line":10}},"branchMap":{},"s":{"0":2,"1":25,"2":11,"3":6},"f":{"0":25,"1":11,"2":6},"b":{},"_coverageSchema":"1a1c01bbd47fc00a2c39e90264f33305004495a9","hash":"2bc0fd2fd8d704547532b62d24a8fb7368a54a7b"}
,"C:\\Users\\saketh.g\\Desktop\\project\\Components\\beverage_Menu.js": {"path":"C:\\Users\\saketh.g\\Desktop\\project\\Components\\beverage_Menu.js","statementMap":{"0":{"start":{"line":5,"column":13},"end":{"line":73,"column":1}},"1":{"start":{"line":6,"column":38},"end":{"line":6,"column":52}},"2":{"start":{"line":7,"column":34},"end":{"line":7,"column":46}},"3":{"start":{"line":8,"column":36},"end":{"line":8,"column":54}},"4":{"start":{"line":9,"column":42},"end":{"line":9,"column":54}},"5":{"start":{"line":10,"column":15},"end":{"line":10,"column":32}},"6":{"start":{"line":11,"column":2},"end":{"line":16,"column":13}},"7":{"start":{"line":12,"column":4},"end":{"line":15,"column":5}},"8":{"start":{"line":13,"column":6},"end":{"line":13,"column":24}},"9":{"start":{"line":14,"column":6},"end":{"line":14,"column":28}},"10":{"start":{"line":18,"column":2},"end":{"line":33,"column":3}},"11":{"start":{"line":19,"column":4},"end":{"line":32,"column":6}},"12":{"start":{"line":35,"column":22},"end":{"line":37,"column":3}},"13":{"start":{"line":36,"column":4},"end":{"line":36,"column":59}},"14":{"start":{"line":36,"column":31},"end":{"line":36,"column":56}},"15":{"start":{"line":40,"column":4},"end":{"line":47,"column":5}},"16":{"start":{"line":41,"column":6},"end":{"line":41,"column":29}},"17":{"start":{"line":42,"column":6},"end":{"line":42,"column":32}},"18":{"start":{"line":44,"column":6},"end":{"line":44,"column":28}},"19":{"start":{"line":45,"column":22},"end":{"line":45,"column":73}},"20":{"start":{"line":45,"column":48},"end":{"line":45,"column":72}},"21":{"start":{"line":46,"column":6},"end":{"line":46,"column":31}},"22":{"start":{"line":50,"column":2},"end":{"line":72,"column":4}},"23":{"start":{"line":61,"column":12},"end":{"line":67,"column":18}},"24":{"start":{"line":62,"column":55},"end":{"line":62,"column":75}}},"fnMap":{"0":{"name":"(anonymous_0)","decl":{"start":{"line":5,"column":13},"end":{"line":5,"column":14}},"loc":{"start":{"line":5,"column":19},"end":{"line":73,"column":1}},"line":5},"1":{"name":"(anonymous_1)","decl":{"start":{"line":11,"column":12},"end":{"line":11,"column":13}},"loc":{"start":{"line":11,"column":18},"end":{"line":16,"column":3}},"line":11},"2":{"name":"(anonymous_2)","decl":{"start":{"line":35,"column":22},"end":{"line":35,"column":23}},"loc":{"start":{"line":35,"column":30},"end":{"line":37,"column":3}},"line":35},"3":{"name":"(anonymous_3)","decl":{"start":{"line":36,"column":18},"end":{"line":36,"column":19}},"loc":{"start":{"line":36,"column":31},"end":{"line":36,"column":56}},"line":36},"4":{"name":"starRated","decl":{"start":{"line":39,"column":11},"end":{"line":39,"column":20}},"loc":{"start":{"line":39,"column":23},"end":{"line":48,"column":3}},"line":39},"5":{"name":"(anonymous_5)","decl":{"start":{"line":45,"column":38},"end":{"line":45,"column":39}},"loc":{"start":{"line":45,"column":48},"end":{"line":45,"column":72}},"line":45},"6":{"name":"(anonymous_6)","decl":{"start":{"line":60,"column":28},"end":{"line":60,"column":29}},"loc":{"start":{"line":61,"column":12},"end":{"line":67,"column":18}},"line":61},"7":{"name":"(anonymous_7)","decl":{"start":{"line":62,"column":49},"end":{"line":62,"column":50}},"loc":{"start":{"line":62,"column":55},"end":{"line":62,"column":75}},"line":62}},"branchMap":{"0":{"loc":{"start":{"line":12,"column":4},"end":{"line":15,"column":5}},"type":"if","locations":[{"start":{"line":12,"column":4},"end":{"line":15,"column":5}},{"start":{},"end":{}}],"line":12},"1":{"loc":{"start":{"line":18,"column":2},"end":{"line":33,"column":3}},"type":"if","locations":[{"start":{"line":18,"column":2},"end":{"line":33,"column":3}},{"start":{},"end":{}}],"line":18},"2":{"loc":{"start":{"line":36,"column":31},"end":{"line":36,"column":56}},"type":"cond-expr","locations":[{"start":{"line":36,"column":47},"end":{"line":36,"column":51}},{"start":{"line":36,"column":54},"end":{"line":36,"column":56}}],"line":36},"3":{"loc":{"start":{"line":40,"column":4},"end":{"line":47,"column":5}},"type":"if","locations":[{"start":{"line":40,"column":4},"end":{"line":47,"column":5}},{"start":{"line":43,"column":11},"end":{"line":47,"column":5}}],"line":40},"4":{"loc":{"start":{"line":66,"column":15},"end":{"line":66,"column":75}},"type":"binary-expr","locations":[{"start":{"line":66,"column":15},"end":{"line":66,"column":37}},{"start":{"line":66,"column":41},"end":{"line":66,"column":75}}],"line":66}},"s":{"0":1,"1":16,"2":16,"3":16,"4":16,"5":16,"6":16,"7":7,"8":6,"9":6,"10":16,"11":1,"12":15,"13":1,"14":1,"15":2,"16":0,"17":0,"18":2,"19":2,"20":4,"21":2,"22":15,"23":16,"24":1},"f":{"0":16,"1":7,"2":1,"3":1,"4":2,"5":4,"6":16,"7":1},"b":{"0":[6,1],"1":[1,15],"2":[0,1],"3":[0,2],"4":[16,1]},"_coverageSchema":"1a1c01bbd47fc00a2c39e90264f33305004495a9","hash":"7438549a19e09cca20beb7c8dbce00c7356564d7"}
,"C:\\Users\\saketh.g\\Desktop\\project\\CustomHooks\\useBeverageMenu.js": {"path":"C:\\Users\\saketh.g\\Desktop\\project\\CustomHooks\\useBeverageMenu.js","statementMap":{"0":{"start":{"line":4,"column":24},"end":{"line":17,"column":1}},"1":{"start":{"line":5,"column":26},"end":{"line":5,"column":38}},"2":{"start":{"line":6,"column":2},"end":{"line":8,"column":9}},"3":{"start":{"line":7,"column":4},"end":{"line":7,"column":16}},"4":{"start":{"line":9,"column":20},"end":{"line":15,"column":3}},"5":{"start":{"line":10,"column":21},"end":{"line":10,"column":38}},"6":{"start":{"line":11,"column":4},"end":{"line":12,"column":5}},"7":{"start":{"line":13,"column":21},"end":{"line":13,"column":42}},"8":{"start":{"line":14,"column":4},"end":{"line":14,"column":22}},"9":{"start":{"line":16,"column":2},"end":{"line":16,"column":14}}},"fnMap":{"0":{"name":"(anonymous_0)","decl":{"start":{"line":4,"column":24},"end":{"line":4,"column":25}},"loc":{"start":{"line":4,"column":30},"end":{"line":17,"column":1}},"line":4},"1":{"name":"(anonymous_1)","decl":{"start":{"line":6,"column":12},"end":{"line":6,"column":13}},"loc":{"start":{"line":6,"column":18},"end":{"line":8,"column":3}},"line":6},"2":{"name":"(anonymous_2)","decl":{"start":{"line":9,"column":20},"end":{"line":9,"column":21}},"loc":{"start":{"line":9,"column":32},"end":{"line":15,"column":3}},"line":9}},"branchMap":{"0":{"loc":{"start":{"line":11,"column":4},"end":{"line":12,"column":5}},"type":"if","locations":[{"start":{"line":11,"column":4},"end":{"line":12,"column":5}},{"start":{},"end":{}}],"line":11}},"s":{"0":3,"1":0,"2":0,"3":0,"4":0,"5":0,"6":0,"7":0,"8":0,"9":0},"f":{"0":0,"1":0,"2":0},"b":{"0":[0,0]},"_coverageSchema":"1a1c01bbd47fc00a2c39e90264f33305004495a9","hash":"9cff5ed7f2a80d4d5d522551faeb7fa470826953"}
,"C:\\Users\\saketh.g\\Desktop\\project\\utils\\Api.js": {"path":"C:\\Users\\saketh.g\\Desktop\\project\\utils\\Api.js","statementMap":{"0":{"start":{"line":1,"column":13},"end":{"line":1,"column":72}}},"fnMap":{},"branchMap":{},"s":{"0":3},"f":{},"b":{},"_coverageSchema":"1a1c01bbd47fc00a2c39e90264f33305004495a9","hash":"c065e4b2a2f94d489a3618a053be2cb56feeffa8"}
,"C:\\Users\\saketh.g\\Desktop\\project\\utils\\ReduxStore\\BevSlice.js": {"path":"C:\\Users\\saketh.g\\Desktop\\project\\utils\\ReduxStore\\BevSlice.js","statementMap":{"0":{"start":{"line":2,"column":29},"end":{"line":45,"column":2}},"1":{"start":{"line":12,"column":6},"end":{"line":12,"column":44}},"2":{"start":{"line":13,"column":6},"end":{"line":13,"column":34}},"3":{"start":{"line":17,"column":6},"end":{"line":19,"column":8}},"4":{"start":{"line":18,"column":15},"end":{"line":18,"column":41}},"5":{"start":{"line":20,"column":6},"end":{"line":20,"column":45}},"6":{"start":{"line":28,"column":6},"end":{"line":30,"column":8}},"7":{"start":{"line":29,"column":15},"end":{"line":29,"column":41}},"8":{"start":{"line":31,"column":6},"end":{"line":31,"column":44}},"9":{"start":{"line":35,"column":6},"end":{"line":37,"column":8}},"10":{"start":{"line":36,"column":15},"end":{"line":36,"column":41}},"11":{"start":{"line":38,"column":6},"end":{"line":38,"column":48}},"12":{"start":{"line":42,"column":6},"end":{"line":42,"column":28}},"13":{"start":{"line":53,"column":4},"end":{"line":53,"column":25}}},"fnMap":{"0":{"name":"(anonymous_0)","decl":{"start":{"line":11,"column":18},"end":{"line":11,"column":19}},"loc":{"start":{"line":11,"column":37},"end":{"line":14,"column":5}},"line":11},"1":{"name":"(anonymous_1)","decl":{"start":{"line":16,"column":25},"end":{"line":16,"column":26}},"loc":{"start":{"line":16,"column":44},"end":{"line":23,"column":5}},"line":16},"2":{"name":"(anonymous_2)","decl":{"start":{"line":18,"column":8},"end":{"line":18,"column":9}},"loc":{"start":{"line":18,"column":15},"end":{"line":18,"column":41}},"line":18},"3":{"name":"(anonymous_3)","decl":{"start":{"line":25,"column":22},"end":{"line":25,"column":23}},"loc":{"start":{"line":25,"column":41},"end":{"line":32,"column":5}},"line":25},"4":{"name":"(anonymous_4)","decl":{"start":{"line":29,"column":8},"end":{"line":29,"column":9}},"loc":{"start":{"line":29,"column":15},"end":{"line":29,"column":41}},"line":29},"5":{"name":"(anonymous_5)","decl":{"start":{"line":34,"column":21},"end":{"line":34,"column":22}},"loc":{"start":{"line":34,"column":40},"end":{"line":40,"column":5}},"line":34},"6":{"name":"(anonymous_6)","decl":{"start":{"line":36,"column":8},"end":{"line":36,"column":9}},"loc":{"start":{"line":36,"column":15},"end":{"line":36,"column":41}},"line":36},"7":{"name":"(anonymous_7)","decl":{"start":{"line":41,"column":16},"end":{"line":41,"column":17}},"loc":{"start":{"line":41,"column":27},"end":{"line":43,"column":5}},"line":41}},"branchMap":{},"s":{"0":5,"1":3,"2":3,"3":2,"4":1,"5":2,"6":2,"7":2,"8":2,"9":2,"10":2,"11":2,"12":15,"13":5},"f":{"0":3,"1":2,"2":1,"3":2,"4":2,"5":2,"6":2,"7":15},"b":{},"_coverageSchema":"1a1c01bbd47fc00a2c39e90264f33305004495a9","hash":"b0a09ca739c4a3a69f6b85d5ab0684ae22c3a656"}
,"C:\\Users\\saketh.g\\Desktop\\project\\utils\\ReduxStore\\BevStore.js": {"path":"C:\\Users\\saketh.g\\Desktop\\project\\utils\\ReduxStore\\BevStore.js","statementMap":{"0":{"start":{"line":4,"column":17},"end":{"line":8,"column":2}}},"fnMap":{},"branchMap":{},"s":{"0":5},"f":{},"b":{},"_coverageSchema":"1a1c01bbd47fc00a2c39e90264f33305004495a9","hash":"ec68199263dc7aaf973e2bfee2e04bcb8b514477"}
}
