TN:
SF:Components\Description.js
FN:2,(anonymous_0)
FNF:1
FNH:1
FNDA:1,(anonymous_0)
DA:2,1
DA:3,1
DA:4,1
LF:3
LH:3
BRF:0
BRH:0
end_of_record
TN:
SF:Components\Form.js
FN:7,(anonymous_0)
FN:15,(anonymous_1)
FN:21,(anonymous_2)
FN:29,(anonymous_3)
FN:38,(anonymous_4)
FN:47,(anonymous_5)
FN:63,(anonymous_6)
FN:72,(anonymous_7)
FN:75,(anonymous_8)
FNF:9
FNH:5
FNDA:18,(anonymous_0)
FNDA:4,(anonymous_1)
FNDA:0,(anonymous_2)
FNDA:0,(anonymous_3)
FNDA:0,(anonymous_4)
FNDA:0,(anonymous_5)
FNDA:3,(anonymous_6)
FNDA:2,(anonymous_7)
FNDA:16,(anonymous_8)
DA:7,1
DA:8,18
DA:9,18
DA:10,18
DA:11,18
DA:12,18
DA:13,18
DA:14,18
DA:15,18
DA:16,4
DA:17,4
DA:18,1
DA:19,1
DA:20,1
DA:21,1
DA:22,0
DA:24,1
DA:25,3
DA:26,0
DA:27,0
DA:28,0
DA:29,0
DA:30,0
DA:32,0
DA:33,3
DA:34,1
DA:36,1
DA:37,1
DA:38,1
DA:39,0
DA:41,1
DA:43,2
DA:44,2
DA:45,2
DA:46,2
DA:47,2
DA:48,0
DA:52,18
DA:63,3
DA:72,2
DA:76,16
LF:41
LH:32
BRDA:17,0,0,1
BRDA:17,0,1,3
BRDA:17,1,0,4
BRDA:17,1,1,1
BRDA:25,2,0,0
BRDA:25,2,1,3
BRDA:33,3,0,1
BRDA:33,3,1,2
BRDA:88,4,0,18
BRDA:88,4,1,2
BRDA:93,5,0,18
BRDA:93,5,1,2
BRF:12
BRH:11
end_of_record
TN:
SF:Components\NavBar.js
FN:4,(anonymous_0)
FNF:1
FNH:1
FNDA:3,(anonymous_0)
DA:4,1
DA:5,3
DA:6,3
LF:3
LH:3
BRDA:16,0,0,3
BRDA:16,0,1,0
BRF:2
BRH:1
end_of_record
TN:
SF:Components\Queue.js
FN:10,(anonymous_0)
FN:14,(anonymous_1)
FN:42,(anonymous_2)
FN:47,(anonymous_3)
FNF:4
FNH:4
FNDA:5,(anonymous_0)
FNDA:10,(anonymous_1)
FNDA:15,(anonymous_2)
FNDA:3,(anonymous_3)
DA:10,1
DA:11,5
DA:13,5
DA:14,10
DA:17,5
DA:35,5
DA:43,15
DA:47,3
LF:8
LH:8
BRF:0
BRH:0
end_of_record
TN:
SF:Components\UserDetails.js
FN:2,(anonymous_0)
FN:6,(anonymous_1)
FN:10,(anonymous_2)
FNF:3
FNH:3
FNDA:25,(anonymous_0)
FNDA:11,(anonymous_1)
FNDA:6,(anonymous_2)
DA:2,2
DA:3,25
DA:7,11
DA:11,6
LF:4
LH:4
BRF:0
BRH:0
end_of_record
TN:
SF:Components\beverage_Menu.js
FN:5,(anonymous_0)
FN:11,(anonymous_1)
FN:35,(anonymous_2)
FN:36,(anonymous_3)
FN:39,starRated
FN:45,(anonymous_5)
FN:60,(anonymous_6)
FN:62,(anonymous_7)
FNF:8
FNH:8
FNDA:16,(anonymous_0)
FNDA:7,(anonymous_1)
FNDA:1,(anonymous_2)
FNDA:1,(anonymous_3)
FNDA:2,starRated
FNDA:4,(anonymous_5)
FNDA:16,(anonymous_6)
FNDA:1,(anonymous_7)
DA:5,1
DA:6,16
DA:7,16
DA:8,16
DA:9,16
DA:10,16
DA:11,16
DA:12,7
DA:13,6
DA:14,6
DA:18,16
DA:19,1
DA:35,15
DA:36,1
DA:40,2
DA:41,0
DA:42,0
DA:44,2
DA:45,4
DA:46,2
DA:50,15
DA:61,16
DA:62,1
LF:23
LH:21
BRDA:12,0,0,6
BRDA:12,0,1,1
BRDA:18,1,0,1
BRDA:18,1,1,15
BRDA:36,2,0,0
BRDA:36,2,1,1
BRDA:40,3,0,0
BRDA:40,3,1,2
BRDA:66,4,0,16
BRDA:66,4,1,1
BRF:10
BRH:8
end_of_record
TN:
SF:CustomHooks\useBeverageMenu.js
FN:4,(anonymous_0)
FN:6,(anonymous_1)
FN:9,(anonymous_2)
FNF:3
FNH:0
FNDA:0,(anonymous_0)
FNDA:0,(anonymous_1)
FNDA:0,(anonymous_2)
DA:4,3
DA:5,0
DA:6,0
DA:7,0
DA:9,0
DA:10,0
DA:11,0
DA:13,0
DA:14,0
DA:16,0
LF:10
LH:1
BRDA:11,0,0,0
BRDA:11,0,1,0
BRF:2
BRH:0
end_of_record
TN:
SF:utils\Api.js
FNF:0
FNH:0
DA:1,3
LF:1
LH:1
BRF:0
BRH:0
end_of_record
TN:
SF:utils\ReduxStore\BevSlice.js
FN:11,(anonymous_0)
FN:16,(anonymous_1)
FN:18,(anonymous_2)
FN:25,(anonymous_3)
FN:29,(anonymous_4)
FN:34,(anonymous_5)
FN:36,(anonymous_6)
FN:41,(anonymous_7)
FNF:8
FNH:8
FNDA:3,(anonymous_0)
FNDA:2,(anonymous_1)
FNDA:1,(anonymous_2)
FNDA:2,(anonymous_3)
FNDA:2,(anonymous_4)
FNDA:2,(anonymous_5)
FNDA:2,(anonymous_6)
FNDA:15,(anonymous_7)
DA:2,5
DA:12,3
DA:13,3
DA:17,2
DA:18,1
DA:20,2
DA:28,2
DA:29,2
DA:31,2
DA:35,2
DA:36,2
DA:38,2
DA:42,15
DA:53,5
LF:14
LH:14
BRF:0
BRH:0
end_of_record
TN:
SF:utils\ReduxStore\BevStore.js
FNF:0
FNH:0
DA:4,5
LF:1
LH:1
BRF:0
BRH:0
end_of_record
